[2015.12.03-16.21.50:543][  0]Log file open, 12/03/15 11:21:50
[2015.12.03-16.21.50:543][  0]LogInit:Display: Running engine for game: MultimediaFinal
[2015.12.03-16.21.50:543][  0]LogInit:Display: RandInit(-146908180) SRandInit(-146908179).
[2015.12.03-16.21.50:543][  0]LogTaskGraph: Started task graph with 4 named threads and 8 total threads.
[2015.12.03-16.21.50:543][  0]LogStats: Stats thread started
[2015.12.03-16.21.50:543][  0]LogInit: Version: 4.8.3-2634408+++depot+UE4-Releases+4.8
[2015.12.03-16.21.50:543][  0]LogInit: API Version: 2579680
[2015.12.03-16.21.50:543][  0]LogInit: Compiled (64-bit): Jul 27 2015 16:24:33
[2015.12.03-16.21.50:543][  0]LogInit: Compiled with Visual C++: 18.00.21005.01
[2015.12.03-16.21.50:543][  0]LogInit: Build Configuration: Development
[2015.12.03-16.21.50:543][  0]LogInit: Branch Name: ++depot+UE4-Releases+4.8
[2015.12.03-16.21.50:543][  0]LogInit: Command line: 
[2015.12.03-16.21.50:543][  0]LogInit: Base directory: C:/Program Files/Epic Games/4.8/Engine/Binaries/Win64/
[2015.12.03-16.21.50:543][  0]LogInit: Rocket: 1
[2015.12.03-16.21.50:554][  0]LogInit: Using libcurl 7.41.0
[2015.12.03-16.21.50:554][  0]LogInit:  - built for x86_64-pc-win32
[2015.12.03-16.21.50:554][  0]LogInit:  - supports SSL with WinSSL
[2015.12.03-16.21.50:554][  0]LogInit:  - other features:
[2015.12.03-16.21.50:554][  0]LogInit:      CURL_VERSION_SSL
[2015.12.03-16.21.50:554][  0]LogInit:      CURL_VERSION_IPV6
[2015.12.03-16.21.50:554][  0]LogInit:      CURL_VERSION_ASYNCHDNS
[2015.12.03-16.21.50:554][  0]LogInit:      CURL_VERSION_LARGEFILE
[2015.12.03-16.21.50:554][  0]LogInit:      CURL_VERSION_IDN
[2015.12.03-16.21.50:554][  0]LogInit:  CurlRequestOptions (configurable via config and command line):
[2015.12.03-16.21.50:554][  0]LogInit:  - bVerifyPeer = true  - Libcurl will verify peer certificate
[2015.12.03-16.21.50:554][  0]LogInit:  - bUseHttpProxy = false  - Libcurl will NOT use HTTP proxy
[2015.12.03-16.21.50:554][  0]LogInit:  - bDontReuseConnections = false  - Libcurl will reuse connections
[2015.12.03-16.21.50:554][  0]LogInit:  - CertBundlePath = nullptr  - Libcurl will use whatever was configured at build time.
[2015.12.03-16.21.50:563][  0]LogOnline:Warning: No default platform service specified for OnlineSubsystem
[2015.12.03-16.21.50:574][  0]LogInit: Presizing for 0 objects not considered by GC, pre-allocating 0 bytes.
[2015.12.03-16.21.50:580][  0]LogInit: Object subsystem initialized
[2015.12.03-16.21.50:581][  0]LogConsoleResponse:Warning: Skipping Unknown console variable: 'TranslucentSortAxis = (X=0.000000,Y=-1.000000,Z=0.000000)'
[2015.12.03-16.21.50:581][  0]LogConsoleResponse:Warning:   Found in ini file 'C:/Users/201087112.CLG/Documents/GitHub/Multimedia/MultimediaFinal/Saved/Config/Windows/Engine.ini', in section '[/Script/Engine.RendererSettings]'
[2015.12.03-16.21.50:581][  0]LogConsoleResponse:Warning: Skipping Unknown console variable: 'UIScaleRule = ShortestSide'
[2015.12.03-16.21.50:581][  0]LogConsoleResponse:Warning:   Found in ini file 'C:/Users/201087112.CLG/Documents/GitHub/Multimedia/MultimediaFinal/Saved/Config/Windows/Engine.ini', in section '[/Script/Engine.RendererSettings]'
[2015.12.03-16.21.50:581][  0]LogConsoleResponse:Warning: Skipping Unknown console variable: 'UIScaleCurve = (EditorCurveData=(Keys=),ExternalCurve=None)'
[2015.12.03-16.21.50:581][  0]LogConsoleResponse:Warning:   Found in ini file 'C:/Users/201087112.CLG/Documents/GitHub/Multimedia/MultimediaFinal/Saved/Config/Windows/Engine.ini', in section '[/Script/Engine.RendererSettings]'
[2015.12.03-16.21.50:582][  0]LogInit: Selected Device Profile: [Windows]
[2015.12.03-16.21.50:582][  0]LogInit: Applying CVar settings loaded from the selected device profile: [Windows]
[2015.12.03-16.21.50:590][  0]LogInit: Computer: P104-19
[2015.12.03-16.21.50:590][  0]LogInit: User: 201087112
[2015.12.03-16.21.50:590][  0]LogInit: CPU Page size=4096, Cores=6
[2015.12.03-16.21.50:590][  0]LogInit: High frequency timer resolution =3.410097 MHz
[2015.12.03-16.21.50:590][  0]LogMemory: Memory total: Physical=15.9GB (16GB approx)
[2015.12.03-16.21.50:590][  0]LogMemory: Platform Memory Stats for Windows
[2015.12.03-16.21.50:591][  0]LogMemory: Process Physical Memory: 51.11 MB used, 51.11 MB peak
[2015.12.03-16.21.50:591][  0]LogMemory: Process Virtual Memory: 27.40 MB used, 27.40 MB peak
[2015.12.03-16.21.50:591][  0]LogMemory: Physical Memory: 3440.63 MB used, 16287.27 MB total
[2015.12.03-16.21.50:591][  0]LogMemory: Virtual Memory: 288.23 MB used, 8388608.00 MB total
[2015.12.03-16.21.50:622][  0]LogTextLocalizationManager: The requested culture ('fr_CA') has no localization data; falling back to 'en' for localization and internationalization data.
[2015.12.03-16.21.50:832][  0]LogTextLocalizationManager:Warning: Loaded localization resources contain conflicting entries for (Namespace:ContentBrowser, Key:ImportAssetToolTip):
Localization Resource: (C:/Program Files/Epic Games/4.8/Engine/Content/Localization/Editor/en/Editor.locres) Source String Hash: (-630476809) Localized String: (Import to {0}...)
Localization Resource: (C:/Program Files/Epic Games/4.8/Engine/Content/Localization/Editor/en/Editor.locres) Source String Hash: (1271782899) Localized String: (Imports an asset from file to this folder.)
[2015.12.03-16.21.51:361][  0]LogD3D11RHI: Found D3D11 adapter 0: NVIDIA Quadro K2200 (Feature Level 11_0)
[2015.12.03-16.21.51:361][  0]LogD3D11RHI: Adapter has 4015MB of dedicated video memory, 0MB of dedicated system memory, and 7887MB of shared system memory, 1 output[s]
[2015.12.03-16.21.51:361][  0]LogD3D11RHI: Chosen D3D11 Adapter Id = 0
[2015.12.03-16.21.51:368][  0]LogD3D11RHI: InitD3DDevice
[2015.12.03-16.21.51:368][  0]LogD3D11RHI: !Direct3DDevice
[2015.12.03-16.21.51:368][  0]LogRHI: Texture pool is 1361 MB (70% of 1945 MB)
[2015.12.03-16.21.51:375][  0]LogD3D11RHI: Async texture creation enabled
[2015.12.03-16.21.51:389][  0]LogShaderCompilers:Display: Using Local Shader Compiler.
[2015.12.03-16.21.52:222][  0]LogTemp:Display: Loaded TP DesktopTargetPlatform
[2015.12.03-16.21.52:238][  0]LogTemp:Display: Loaded TP WindowsClientTargetPlatform
[2015.12.03-16.21.52:250][  0]LogTemp:Display: Loaded TP WindowsNoEditorTargetPlatform
[2015.12.03-16.21.52:261][  0]LogTemp:Display: Loaded TP WindowsServerTargetPlatform
[2015.12.03-16.21.52:274][  0]LogTemp:Display: Loaded TP WindowsTargetPlatform
[2015.12.03-16.21.52:284][  0]LogTemp:Display: Loaded TP AndroidTargetPlatform
[2015.12.03-16.21.52:293][  0]LogTemp:Display: Loaded TP Android_ASTCTargetPlatform
[2015.12.03-16.21.52:303][  0]LogTemp:Display: Loaded TP Android_ATCTargetPlatform
[2015.12.03-16.21.52:320][  0]LogTemp:Display: Loaded TP Android_DXTTargetPlatform
[2015.12.03-16.21.52:348][  0]LogTemp:Display: Loaded TP Android_ETC1TargetPlatform
[2015.12.03-16.21.52:365][  0]LogTemp:Display: Loaded TP Android_ETC2TargetPlatform
[2015.12.03-16.21.52:377][  0]LogTemp:Display: Loaded TP Android_PVRTCTargetPlatform
[2015.12.03-16.21.52:419][  0]LogTemp:Display: Loaded TP IOSTargetPlatform
[2015.12.03-16.21.52:429][  0]LogTemp:Display: Loaded TP LinuxNoEditorTargetPlatform
[2015.12.03-16.21.52:439][  0]LogTemp:Display: Loaded TP LinuxServerTargetPlatform
[2015.12.03-16.21.52:450][  0]LogTemp:Display: Loaded TP LinuxTargetPlatform
[2015.12.03-16.21.52:450][  0]LogTargetPlatformManager:Display: Building Assets For Windows
[2015.12.03-16.21.52:638][  0]LogDerivedDataCache:Display: Max Cache Size: 512 MB
[2015.12.03-16.21.52:720][  0]LogDerivedDataCache: Loaded boot cache 0.08s 53MB C:/Users/201087112.CLG/AppData/Local/UnrealEngine/4.8/DerivedDataCache/Boot.ddc.
[2015.12.03-16.21.52:720][  0]LogDerivedDataCache:Display: Loaded Boot cache: C:/Users/201087112.CLG/AppData/Local/UnrealEngine/4.8/DerivedDataCache/Boot.ddc
[2015.12.03-16.21.52:720][  0]LogDerivedDataCache: FDerivedDataBackendGraph:  Pak pak cache file ../../../../../../Users/201087112.CLG/Documents/GitHub/Multimedia/MultimediaFinal/DerivedDataCache/DDC.ddp not found, will not use a pak cache.
[2015.12.03-16.21.52:720][  0]LogDerivedDataCache: Unable to find inner node Pak for hierarchical cache Hierarchy.
[2015.12.03-16.21.52:720][  0]LogDerivedDataCache: FDerivedDataBackendGraph:  CompressedPak pak cache file ../../../../../../Users/201087112.CLG/Documents/GitHub/Multimedia/MultimediaFinal/DerivedDataCache/Compressed.ddp not found, will not use a pak cache.
[2015.12.03-16.21.52:720][  0]LogDerivedDataCache: Unable to find inner node CompressedPak for hierarchical cache Hierarchy.
[2015.12.03-16.21.52:860][  0]LogDerivedDataCache:Display: Pak cache opened for reading ../../../Engine/DerivedDataCache/Compressed.ddp.
[2015.12.03-16.21.52:871][  0]LogDerivedDataCache: Using Local data cache path C:/Users/201087112.CLG/AppData/Local/UnrealEngine/Common/DerivedDataCache: Writable
[2015.12.03-16.21.53:084][  0]LogInit: Selected Device Profile: [Windows]
[2015.12.03-16.21.53:093][  0]ImportText (ComponentSweepMultiTests): Missing closing parenthesis: (RootShapeAsset="/Engine/BasicShapes/Cube.Cube",ShapeType="TriggerCapsule",HitResult=(Time=0.50,Location=(X=-100.000015,Y=0.0,Z=100.000015),ImpactPoint=(X=-50.0,Y=0.0,Z=50.0),Normal=(X=-1.0,Y=-0.0,Z=0.0),ImpactNormal=(X=0.0,Y=0.0,Z=1.0),TraceStart=(X=-200.0,Y=0.0,Z=200.0),TraceEnd=(X=0.0,Y=0.0,Z=0.0))
[2015.12.03-16.21.53:093][  0]ImportText (LineTraceSingleByChannelTests): Missing closing parenthesis: (RootShapeAsset="/Engine/BasicShapes/Cube.Cube",HitResult=(Time=0.50,Location=(X=-100.000015,Y=0.0,Z=100.000015),ImpactPoint=(X=-50.0,Y=0.0,Z=50.0),Normal=(X=-1.0,Y=-0.0,Z=0.0),ImpactNormal=(X=0.0,Y=0.0,Z=1.0),TraceStart=(X=-200.0,Y=0.0,Z=200.0),TraceEnd=(X=0.0,Y=0.0,Z=0.0))
[2015.12.03-16.21.53:117][  0]LogMeshUtilities: No automatic mesh reduction module available
[2015.12.03-16.21.53:117][  0]LogMeshUtilities: No automatic mesh merging module available
[2015.12.03-16.21.53:570][  0]LogInit: WinSock: version 1.1 (2.2), MaxSocks=32767, MaxUdp=65467
[2015.12.03-16.21.54:468][  0]UdpMessaging: Initializing bridge on interface 0.0.0.0:0 to multicast group 230.0.0.1:6666.
[2015.12.03-16.21.54:798][  0]SourceControl: Info Source control is disabled
[2015.12.03-16.21.54:798][  0]SourceControl: Info Source control is disabled
[2015.12.03-16.21.54:806][  0]SourceControl: Info Source control is disabled
[2015.12.03-16.21.54:819][  0]SourceControl: Info Source control is disabled
[2015.12.03-16.21.55:091][  0]LogObj: 26273 objects as part of root set at end of initial load.
[2015.12.03-16.21.55:091][  0]LogUObjectAllocator: 5409248 out of 0 bytes used by permanent object pool.
[2015.12.03-16.21.55:184][  0]LogEngine: Initializing Engine...
[2015.12.03-16.21.55:187][  0]LogHMD: Can't find Oculus library dev build: is proper Runtime installed? Version: 0.6.0.0
[2015.12.03-16.21.55:188][  0]LogHMD:Warning: SteamVR failed to initialize.  Error: 110
[2015.12.03-16.21.55:360][  0]LogAIModule: Creating AISystem for world NewWorld
[2015.12.03-16.21.55:364][  0]LogInit: XAudio2 using 'Haut-parleurs (Realtek High Definition Audio)' : 2 channels at 48 kHz using 32 bits per sample (channel mask 0x3)
[2015.12.03-16.21.55:403][  0]LogInit: FAudioDevice initialized.
[2015.12.03-16.21.55:456][  0]LogDerivedDataCache: Saved boot cache 0.05s 53MB C:/Users/201087112.CLG/AppData/Local/UnrealEngine/4.8/DerivedDataCache/Boot.ddc.
[2015.12.03-16.21.55:468][  0]LogInit: Texture streaming: Disabled
[2015.12.03-16.21.55:492][  0]LogAnalytics: Creating configured Analytics provider AnalyticsET
[2015.12.03-16.21.55:492][  0]LogAnalytics: [UEEditor.Rocket.Release] APIServer = http://et2.epicgames.com/ET2/. AppVersion = 4.8.3-2634408+++depot+UE4-Releases+4.8
[2015.12.03-16.21.55:492][  0]LogAnalytics: [UEEditor.Rocket.Release] SetUserId c7b992404037185bac88b9bd5681fb36|28267c01d4294247ac195fa08d7b438d|c0eae027-b593-4df3-805d-76a9aefb4479
[2015.12.03-16.21.55:492][  0]LogAnalytics: [UEEditor.Rocket.Release] AnalyticsET::StartSession
[2015.12.03-16.21.55:526][  0]LogInit: Transaction tracking system initialized
[2015.12.03-16.21.55:678][  0]BlueprintLog: New page: Editor Load
[2015.12.03-16.21.55:708][  0]LogAssetRegistry: FAssetRegistry took 0.0104 seconds to start up
[2015.12.03-16.21.55:708][  0]LogDirectoryWatcher:Warning: Failed to begin reading directory changes for ../../../Engine/Plugins/Experimental/CharacterAI/Content/. Error: 0
[2015.12.03-16.21.56:341][  0]LogConsoleManager:Warning: Console variable 'r.VSync' wasn't set ('GameSetting' has a lower priority than 'SystemSettingsIni')
[2015.12.03-16.21.56:342][  0]LogConsoleResponse:Display: 
[2015.12.03-16.21.56:439][  0]LogCook:Display: Done creating registry. It took  0.00s.
[2015.12.03-16.21.56:572][  0]SourceControl: Info Source control is disabled
[2015.12.03-16.21.56:572][  0]Cmd: MAP LOAD FILE="../../../../../../Users/201087112.CLG/Documents/GitHub/Multimedia/MultimediaFinal/Content/ThirdPersonBP/Maps/ThirdPersonExampleMap.umap" TEMPLATE=0 SHOWPROGRESS=1 FEATURELEVEL=3
[2015.12.03-16.21.56:572][  0]LightingResults: New page: Lighting Build
[2015.12.03-16.21.56:582][  0]MapCheck: New page: Map Check
[2015.12.03-16.21.56:582][  0]LightingResults: New page: Lighting Build
[2015.12.03-16.21.56:593][  0]LogParticles: Destroying 0 GPU particle simulations for FXSystem 0x0000000013221300
[2015.12.03-16.21.57:646][  0]LogAIModule: Creating AISystem for world ThirdPersonExampleMap
[2015.12.03-16.21.57:695][  0]LogEditorServer: Finished looking for orphan Actors (0.000 secs)
[2015.12.03-16.21.58:896][  0]Cmd: MAP CHECKDEP NOCLEARLOG
[2015.12.03-16.21.58:986][  0]MapCheck: Info Map check complete: 0 Error(s), 0 Warning(s), took 90.015ms to complete.
[2015.12.03-16.21.58:986][  0]LogFileHelpers: Loading map 'ThirdPersonExampleMap' took 2.414
[2015.12.03-16.21.59:144][  0]LogCollectionManager: Loaded 0 collections in 0.001616 seconds
[2015.12.03-16.21.59:150][  0]LogContentBrowser: Native class hierarchy populated in 0.0062 seconds. Added 1792 classes and 301 folders.
[2015.12.03-16.21.59:214][  0]LogContentBrowser: Native class hierarchy updated for 'WidgetCarousel' in 0.0003 seconds. Added 0 classes and 0 folders.
[2015.12.03-16.21.59:237][  0]LogContentBrowser: Native class hierarchy updated for 'AddContentDialog' in 0.0003 seconds. Added 0 classes and 0 folders.
[2015.12.03-16.21.59:249][  0]LogContentBrowser: Native class hierarchy updated for 'SceneOutliner' in 0.0003 seconds. Added 1 classes and 2 folders.
[2015.12.03-16.21.59:275][  0]LogCrashTracker: Crashtracker disabled due to settings.
[2015.12.03-16.21.59:276][  0]LogD3D11RHI: InitD3DDevice
[2015.12.03-16.21.59:280][  0]LogUObjectGlobals:Warning: Failed to find object 'Class None.'
[2015.12.03-16.21.59:301][  0]LogLoad: Full Startup: 10.18 seconds (BP compile: 0.29 seconds)
[2015.12.03-16.21.59:357][  0]LogContentStreaming: Texture pool size is 0.000000MB
[2015.12.03-16.21.59:398][  0]LogContentStreaming: Texture pool size now 1000 MB
[2015.12.03-16.21.59:551][  0]LogRenderer: Reallocating scene render targets to support 1208x576 (Frame:2).
[2015.12.03-16.22.00:133][  8]LogAssetRegistry: Asset discovery search completed in 4.4363 seconds
[2015.12.03-16.22.04:955][551]LogD3D11RHI: InitD3DDevice
[2015.12.03-16.22.05:493][584]LogPlayLevel: PIE:  No blueprints needed recompiling
[2015.12.03-16.22.05:495][584]PIE: New page: PIE session: ThirdPersonExampleMap (Dec 3, 2015, 6:22:05 AM)
[2015.12.03-16.22.05:495][584]LogPlayLevel: Creating play world package: /Game/ThirdPersonBP/Maps/UEDPIE_0_ThirdPersonExampleMap
[2015.12.03-16.22.05:510][584]LogPlayLevel: PIE: StaticDuplicateObject took: (0.014418s)
[2015.12.03-16.22.05:511][584]LogAIModule: Creating AISystem for world ThirdPersonExampleMap
[2015.12.03-16.22.05:512][584]LogPlayLevel: PIE: World Init took: (0.001913s)
[2015.12.03-16.22.05:513][584]LogPlayLevel: PIE: Created PIE world by copying editor world from /Game/ThirdPersonBP/Maps/ThirdPersonExampleMap.ThirdPersonExampleMap to /Game/ThirdPersonBP/Maps/UEDPIE_0_ThirdPersonExampleMap.ThirdPersonExampleMap (0.017410s)
[2015.12.03-16.22.05:602][584]LogInit: XAudio2 using 'Haut-parleurs (Realtek High Definition Audio)' : 2 channels at 48 kHz using 32 bits per sample (channel mask 0x3)
[2015.1